# JRE version: Java(TM) SE Runtime Environment (8.0_111-b14) (build 1.8.0_111-b14)
# Java VM: Java HotSpot(TM) 64-Bit Server VM (25.111-b14 mixed mode linux-amd64 compressed oops)
Heap:
 PSYoungGen      total 139776K, used 66768K [0x000000076ca00000, 0x0000000775d00000, 0x00000007c0000000)
  eden space 129024K, 51% used [0x000000076ca00000,0x0000000770b34110,0x0000000774800000)
  from space 10752K, 0% used [0x0000000775280000,0x0000000775280000,0x0000000775d00000)
  to   space 10752K, 0% used [0x0000000774800000,0x0000000774800000,0x0000000775280000)
 ParOldGen       total 110080K, used 8695K [0x00000006c5e00000, 0x00000006cc980000, 0x000000076ca00000)
  object space 110080K, 7% used [0x00000006c5e00000,0x00000006c667df50,0x00000006cc980000)
 Metaspace       used 25827K, capacity 26056K, committed 26240K, reserved 1073152K
  class space    used 3362K, capacity 3450K, committed 3456K, reserved 1048576K
GC Heap History (6 events):
Event: 1.156 GC heap before
{Heap before GC invocations=1 (full 0):
 PSYoungGen      total 75264K, used 64512K [0x000000076ca00000, 0x0000000771e00000, 0x00000007c0000000)
  eden space 64512K, 100% used [0x000000076ca00000,0x0000000770900000,0x0000000770900000)
  from space 10752K, 0% used [0x0000000771380000,0x0000000771380000,0x0000000771e00000)
  to   space 10752K, 0% used [0x0000000770900000,0x0000000770900000,0x0000000771380000)
 ParOldGen       total 172032K, used 0K [0x00000006c5e00000, 0x00000006d0600000, 0x000000076ca00000)
  object space 172032K, 0% used [0x00000006c5e00000,0x00000006c5e00020,0x00000006d0600000)
 Metaspace       used 18125K, capacity 18270K, committed 18560K, reserved 1064960K
  class space    used 2287K, capacity 2312K, committed 2432K, reserved 1048576K
Event: 1.170 GC heap after
Heap after GC invocations=1 (full 0):
 PSYoungGen      total 75264K, used 10741K [0x000000076ca00000, 0x0000000775d00000, 0x00000007c0000000)
  eden space 64512K, 0% used [0x000000076ca00000,0x000000076ca00000,0x0000000770900000)
  from space 10752K, 99% used [0x0000000770900000,0x000000077137d7f0,0x0000000771380000)
  to   space 10752K, 0% used [0x0000000775280000,0x0000000775280000,0x0000000775d00000)
 ParOldGen       total 172032K, used 4534K [0x00000006c5e00000, 0x00000006d0600000, 0x000000076ca00000)
  object space 172032K, 2% used [0x00000006c5e00000,0x00000006c626da00,0x00000006d0600000)
 Metaspace       used 18125K, capacity 18270K, committed 18560K, reserved 1064960K
  class space    used 2287K, capacity 2312K, committed 2432K, reserved 1048576K
}
Event: 1.374 GC heap before
{Heap before GC invocations=2 (full 0):
 PSYoungGen      total 75264K, used 28771K [0x000000076ca00000, 0x0000000775d00000, 0x00000007c0000000)
  eden space 64512K, 27% used [0x000000076ca00000,0x000000076db9b7f0,0x0000000770900000)
  from space 10752K, 99% used [0x0000000770900000,0x000000077137d7f0,0x0000000771380000)
  to   space 10752K, 0% used [0x0000000775280000,0x0000000775280000,0x0000000775d00000)
 ParOldGen       total 172032K, used 4534K [0x00000006c5e00000, 0x00000006d0600000, 0x000000076ca00000)
  object space 172032K, 2% used [0x00000006c5e00000,0x00000006c626da00,0x00000006d0600000)
 Metaspace       used 21013K, capacity 21150K, committed 21248K, reserved 1067008K
  class space    used 2725K, capacity 2760K, committed 2816K, reserved 1048576K
Event: 1.380 GC heap after
Heap after GC invocations=2 (full 0):
 PSYoungGen      total 139776K, used 9011K [0x000000076ca00000, 0x0000000775d00000, 0x00000007c0000000)
  eden space 129024K, 0% used [0x000000076ca00000,0x000000076ca00000,0x0000000774800000)
  from space 10752K, 83% used [0x0000000775280000,0x0000000775b4cd40,0x0000000775d00000)
  to   space 10752K, 0% used [0x0000000774800000,0x0000000774800000,0x0000000775280000)
 ParOldGen       total 172032K, used 4550K [0x00000006c5e00000, 0x00000006d0600000, 0x000000076ca00000)
  object space 172032K, 2% used [0x00000006c5e00000,0x00000006c6271a00,0x00000006d0600000)
 Metaspace       used 21013K, capacity 21150K, committed 21248K, reserved 1067008K
  class space    used 2725K, capacity 2760K, committed 2816K, reserved 1048576K
}
Event: 1.380 GC heap before
{Heap before GC invocations=3 (full 1):
 PSYoungGen      total 139776K, used 9011K [0x000000076ca00000, 0x0000000775d00000, 0x00000007c0000000)
  eden space 129024K, 0% used [0x000000076ca00000,0x000000076ca00000,0x0000000774800000)
  from space 10752K, 83% used [0x0000000775280000,0x0000000775b4cd40,0x0000000775d00000)
  to   space 10752K, 0% used [0x0000000774800000,0x0000000774800000,0x0000000775280000)
 ParOldGen       total 172032K, used 4550K [0x00000006c5e00000, 0x00000006d0600000, 0x000000076ca00000)
  object space 172032K, 2% used [0x00000006c5e00000,0x00000006c6271a00,0x00000006d0600000)
 Metaspace       used 21013K, capacity 21150K, committed 21248K, reserved 1067008K
  class space    used 2725K, capacity 2760K, committed 2816K, reserved 1048576K
Event: 1.405 GC heap after
Heap after GC invocations=3 (full 1):
 PSYoungGen      total 139776K, used 0K [0x000000076ca00000, 0x0000000775d00000, 0x00000007c0000000)
  eden space 129024K, 0% used [0x000000076ca00000,0x000000076ca00000,0x0000000774800000)
  from space 10752K, 0% used [0x0000000775280000,0x0000000775280000,0x0000000775d00000)
  to   space 10752K, 0% used [0x0000000774800000,0x0000000774800000,0x0000000775280000)
 ParOldGen       total 110080K, used 8695K [0x00000006c5e00000, 0x00000006cc980000, 0x000000076ca00000)
  object space 110080K, 7% used [0x00000006c5e00000,0x00000006c667df50,0x00000006cc980000)
 Metaspace       used 21013K, capacity 21150K, committed 21248K, reserved 1067008K
  class space    used 2725K, capacity 2760K, committed 2816K, reserved 1048576K
}

