# JRE version: Java(TM) SE Runtime Environment (8.0_111-b14) (build 1.8.0_111-b14)
# Java VM: Java HotSpot(TM) 64-Bit Server VM (25.111-b14 mixed mode linux-amd64 compressed oops)
Heap:
 PSYoungGen      total 139776K, used 70531K [0x000000076ca00000, 0x0000000775d00000, 0x00000007c0000000)
  eden space 129024K, 54% used [0x000000076ca00000,0x0000000770ee0d30,0x0000000774800000)
  from space 10752K, 0% used [0x0000000775280000,0x0000000775280000,0x0000000775d00000)
  to   space 10752K, 0% used [0x0000000774800000,0x0000000774800000,0x0000000775280000)
 ParOldGen       total 113664K, used 9168K [0x00000006c5e00000, 0x00000006ccd00000, 0x000000076ca00000)
  object space 113664K, 8% used [0x00000006c5e00000,0x00000006c66f40a8,0x00000006ccd00000)
 Metaspace       used 24768K, capacity 25022K, committed 25088K, reserved 1071104K
  class space    used 3229K, capacity 3320K, committed 3328K, reserved 1048576K
GC Heap History (6 events):
Event: 1.064 GC heap before
{Heap before GC invocations=1 (full 0):
 PSYoungGen      total 75264K, used 64512K [0x000000076ca00000, 0x0000000771e00000, 0x00000007c0000000)
  eden space 64512K, 100% used [0x000000076ca00000,0x0000000770900000,0x0000000770900000)
  from space 10752K, 0% used [0x0000000771380000,0x0000000771380000,0x0000000771e00000)
  to   space 10752K, 0% used [0x0000000770900000,0x0000000770900000,0x0000000771380000)
 ParOldGen       total 172032K, used 0K [0x00000006c5e00000, 0x00000006d0600000, 0x000000076ca00000)
  object space 172032K, 0% used [0x00000006c5e00000,0x00000006c5e00000,0x00000006d0600000)
 Metaspace       used 18376K, capacity 18532K, committed 18816K, reserved 1064960K
  class space    used 2322K, capacity 2377K, committed 2432K, reserved 1048576K
Event: 1.075 GC heap after
Heap after GC invocations=1 (full 0):
 PSYoungGen      total 75264K, used 10744K [0x000000076ca00000, 0x0000000775d00000, 0x00000007c0000000)
  eden space 64512K, 0% used [0x000000076ca00000,0x000000076ca00000,0x0000000770900000)
  from space 10752K, 99% used [0x0000000770900000,0x000000077137e378,0x0000000771380000)
  to   space 10752K, 0% used [0x0000000775280000,0x0000000775280000,0x0000000775d00000)
 ParOldGen       total 172032K, used 4734K [0x00000006c5e00000, 0x00000006d0600000, 0x000000076ca00000)
  object space 172032K, 2% used [0x00000006c5e00000,0x00000006c629fae0,0x00000006d0600000)
 Metaspace       used 18376K, capacity 18532K, committed 18816K, reserved 1064960K
  class space    used 2322K, capacity 2377K, committed 2432K, reserved 1048576K
}
Event: 1.294 GC heap before
{Heap before GC invocations=2 (full 0):
 PSYoungGen      total 75264K, used 30146K [0x000000076ca00000, 0x0000000775d00000, 0x00000007c0000000)
  eden space 64512K, 30% used [0x000000076ca00000,0x000000076dcf27e8,0x0000000770900000)
  from space 10752K, 99% used [0x0000000770900000,0x000000077137e378,0x0000000771380000)
  to   space 10752K, 0% used [0x0000000775280000,0x0000000775280000,0x0000000775d00000)
 ParOldGen       total 172032K, used 4734K [0x00000006c5e00000, 0x00000006d0600000, 0x000000076ca00000)
  object space 172032K, 2% used [0x00000006c5e00000,0x00000006c629fae0,0x00000006d0600000)
 Metaspace       used 21036K, capacity 21156K, committed 21248K, reserved 1067008K
  class space    used 2717K, capacity 2761K, committed 2816K, reserved 1048576K
Event: 1.300 GC heap after
Heap after GC invocations=2 (full 0):
 PSYoungGen      total 139776K, used 8983K [0x000000076ca00000, 0x0000000775d00000, 0x00000007c0000000)
  eden space 129024K, 0% used [0x000000076ca00000,0x000000076ca00000,0x0000000774800000)
  from space 10752K, 83% used [0x0000000775280000,0x0000000775b45d38,0x0000000775d00000)
  to   space 10752K, 0% used [0x0000000774800000,0x0000000774800000,0x0000000775280000)
 ParOldGen       total 172032K, used 4742K [0x00000006c5e00000, 0x00000006d0600000, 0x000000076ca00000)
  object space 172032K, 2% used [0x00000006c5e00000,0x00000006c62a1ae0,0x00000006d0600000)
 Metaspace       used 21036K, capacity 21156K, committed 21248K, reserved 1067008K
  class space    used 2717K, capacity 2761K, committed 2816K, reserved 1048576K
}
Event: 1.300 GC heap before
{Heap before GC invocations=3 (full 1):
 PSYoungGen      total 139776K, used 8983K [0x000000076ca00000, 0x0000000775d00000, 0x00000007c0000000)
  eden space 129024K, 0% used [0x000000076ca00000,0x000000076ca00000,0x0000000774800000)
  from space 10752K, 83% used [0x0000000775280000,0x0000000775b45d38,0x0000000775d00000)
  to   space 10752K, 0% used [0x0000000774800000,0x0000000774800000,0x0000000775280000)
 ParOldGen       total 172032K, used 4742K [0x00000006c5e00000, 0x00000006d0600000, 0x000000076ca00000)
  object space 172032K, 2% used [0x00000006c5e00000,0x00000006c62a1ae0,0x00000006d0600000)
 Metaspace       used 21036K, capacity 21156K, committed 21248K, reserved 1067008K
  class space    used 2717K, capacity 2761K, committed 2816K, reserved 1048576K
Event: 1.325 GC heap after
Heap after GC invocations=3 (full 1):
 PSYoungGen      total 139776K, used 0K [0x000000076ca00000, 0x0000000775d00000, 0x00000007c0000000)
  eden space 129024K, 0% used [0x000000076ca00000,0x000000076ca00000,0x0000000774800000)
  from space 10752K, 0% used [0x0000000775280000,0x0000000775280000,0x0000000775d00000)
  to   space 10752K, 0% used [0x0000000774800000,0x0000000774800000,0x0000000775280000)
 ParOldGen       total 113664K, used 9168K [0x00000006c5e00000, 0x00000006ccd00000, 0x000000076ca00000)
  object space 113664K, 8% used [0x00000006c5e00000,0x00000006c66f40a8,0x00000006ccd00000)
 Metaspace       used 21036K, capacity 21156K, committed 21248K, reserved 1067008K
  class space    used 2717K, capacity 2761K, committed 2816K, reserved 1048576K
}

